  stdafx.cpp
  Emulator.cpp
D:\College_stuff\L4\SEM 2\(CNS) Computer and Network System\Chimera 2016-I\Emulator\Emulator\Emulator.cpp(1495,15): warning C4244: 'argument': conversion from 'unsigned short' to 'unsigned char', possible loss of data
D:\College_stuff\L4\SEM 2\(CNS) Computer and Network System\Chimera 2016-I\Emulator\Emulator\Emulator.cpp(1496,15): warning C4244: 'argument': conversion from 'unsigned short' to 'unsigned char', possible loss of data
D:\College_stuff\L4\SEM 2\(CNS) Computer and Network System\Chimera 2016-I\Emulator\Emulator\Emulator.cpp(1524,15): warning C4244: 'argument': conversion from 'unsigned short' to 'unsigned char', possible loss of data
D:\College_stuff\L4\SEM 2\(CNS) Computer and Network System\Chimera 2016-I\Emulator\Emulator\Emulator.cpp(1525,15): warning C4244: 'argument': conversion from 'unsigned short' to 'unsigned char', possible loss of data
D:\College_stuff\L4\SEM 2\(CNS) Computer and Network System\Chimera 2016-I\Emulator\Emulator\Emulator.cpp(1553,15): warning C4244: 'argument': conversion from 'unsigned short' to 'unsigned char', possible loss of data
D:\College_stuff\L4\SEM 2\(CNS) Computer and Network System\Chimera 2016-I\Emulator\Emulator\Emulator.cpp(1554,15): warning C4244: 'argument': conversion from 'unsigned short' to 'unsigned char', possible loss of data
D:\College_stuff\L4\SEM 2\(CNS) Computer and Network System\Chimera 2016-I\Emulator\Emulator\Emulator.cpp(1582,15): warning C4244: 'argument': conversion from 'unsigned short' to 'unsigned char', possible loss of data
D:\College_stuff\L4\SEM 2\(CNS) Computer and Network System\Chimera 2016-I\Emulator\Emulator\Emulator.cpp(1583,15): warning C4244: 'argument': conversion from 'unsigned short' to 'unsigned char', possible loss of data
D:\College_stuff\L4\SEM 2\(CNS) Computer and Network System\Chimera 2016-I\Emulator\Emulator\Emulator.cpp(3052,26): warning C4244: '=': conversion from 'unsigned short' to 'unsigned char', possible loss of data
D:\College_stuff\L4\SEM 2\(CNS) Computer and Network System\Chimera 2016-I\Emulator\Emulator\Emulator.cpp(3082,26): warning C4244: '=': conversion from 'unsigned short' to 'unsigned char', possible loss of data
D:\College_stuff\L4\SEM 2\(CNS) Computer and Network System\Chimera 2016-I\Emulator\Emulator\Emulator.cpp(2099,29): warning C4390: ';': empty controlled statement found; is this the intent?
D:\College_stuff\L4\SEM 2\(CNS) Computer and Network System\Chimera 2016-I\Emulator\Emulator\Emulator.cpp(2195,29): warning C4390: ';': empty controlled statement found; is this the intent?
D:\College_stuff\L4\SEM 2\(CNS) Computer and Network System\Chimera 2016-I\Emulator\Emulator\Emulator.cpp(2252,29): warning C4390: ';': empty controlled statement found; is this the intent?
D:\College_stuff\L4\SEM 2\(CNS) Computer and Network System\Chimera 2016-I\Emulator\Emulator\Emulator.cpp(3342,13): warning C4996: 'fopen': This function or variable may be unsafe. Consider using fopen_s instead. To disable deprecation, use _CRT_SECURE_NO_WARNINGS. See online help for details.
D:\College_stuff\L4\SEM 2\(CNS) Computer and Network System\Chimera 2016-I\Emulator\Emulator\Emulator.cpp(3356,13): warning C4996: 'fopen': This function or variable may be unsafe. Consider using fopen_s instead. To disable deprecation, use _CRT_SECURE_NO_WARNINGS. See online help for details.
D:\College_stuff\L4\SEM 2\(CNS) Computer and Network System\Chimera 2016-I\Emulator\Emulator\Emulator.cpp(3425,19): warning C4244: '=': conversion from '_TCHAR' to 'char', possible loss of data
D:\College_stuff\L4\SEM 2\(CNS) Computer and Network System\Chimera 2016-I\Emulator\Emulator\Emulator.cpp(3434,20): warning C4244: '=': conversion from '_TCHAR' to 'char', possible loss of data
D:\College_stuff\L4\SEM 2\(CNS) Computer and Network System\Chimera 2016-I\Emulator\Emulator\Emulator.cpp(3515,14): warning C4996: 'fopen': This function or variable may be unsafe. Consider using fopen_s instead. To disable deprecation, use _CRT_SECURE_NO_WARNINGS. See online help for details.
D:\College_stuff\L4\SEM 2\(CNS) Computer and Network System\Chimera 2016-I\Emulator\Emulator\Emulator.cpp(3521,9): warning C4996: 'sscanf': This function or variable may be unsafe. Consider using sscanf_s instead. To disable deprecation, use _CRT_SECURE_NO_WARNINGS. See online help for details.
D:\College_stuff\L4\SEM 2\(CNS) Computer and Network System\Chimera 2016-I\Emulator\Emulator\Emulator.cpp(3524,14): warning C4996: 'sscanf': This function or variable may be unsafe. Consider using sscanf_s instead. To disable deprecation, use _CRT_SECURE_NO_WARNINGS. See online help for details.
D:\College_stuff\L4\SEM 2\(CNS) Computer and Network System\Chimera 2016-I\Emulator\Emulator\Emulator.cpp(3552,2): warning C4996: 'sprintf': This function or variable may be unsafe. Consider using sprintf_s instead. To disable deprecation, use _CRT_SECURE_NO_WARNINGS. See online help for details.
D:\College_stuff\L4\SEM 2\(CNS) Computer and Network System\Chimera 2016-I\Emulator\Emulator\Emulator.cpp(3591,2): warning C4996: 'sprintf': This function or variable may be unsafe. Consider using sprintf_s instead. To disable deprecation, use _CRT_SECURE_NO_WARNINGS. See online help for details.
D:\College_stuff\L4\SEM 2\(CNS) Computer and Network System\Chimera 2016-I\Emulator\Emulator\Emulator.cpp(3601,8): warning C4996: 'sscanf': This function or variable may be unsafe. Consider using sscanf_s instead. To disable deprecation, use _CRT_SECURE_NO_WARNINGS. See online help for details.
D:\College_stuff\L4\SEM 2\(CNS) Computer and Network System\Chimera 2016-I\Emulator\Emulator\Emulator.cpp(3606,13): warning C4996: 'sscanf': This function or variable may be unsafe. Consider using sscanf_s instead. To disable deprecation, use _CRT_SECURE_NO_WARNINGS. See online help for details.
D:\College_stuff\L4\SEM 2\(CNS) Computer and Network System\Chimera 2016-I\Emulator\Emulator\Emulator.cpp(3648,11): warning C4996: 'sscanf': This function or variable may be unsafe. Consider using sscanf_s instead. To disable deprecation, use _CRT_SECURE_NO_WARNINGS. See online help for details.
D:\College_stuff\L4\SEM 2\(CNS) Computer and Network System\Chimera 2016-I\Emulator\Emulator\Emulator.cpp(3651,16): warning C4996: 'sscanf': This function or variable may be unsafe. Consider using sscanf_s instead. To disable deprecation, use _CRT_SECURE_NO_WARNINGS. See online help for details.
D:\College_stuff\L4\SEM 2\(CNS) Computer and Network System\Chimera 2016-I\Emulator\Emulator\Emulator.cpp(3677,6): warning C4996: 'sprintf': This function or variable may be unsafe. Consider using sprintf_s instead. To disable deprecation, use _CRT_SECURE_NO_WARNINGS. See online help for details.
D:\College_stuff\L4\SEM 2\(CNS) Computer and Network System\Chimera 2016-I\Emulator\Emulator\Emulator.cpp(3721,32): warning C4996: 'inet_addr': Use inet_pton() or InetPton() instead or define _WINSOCK_DEPRECATED_NO_WARNINGS to disable deprecated API warnings
D:\College_stuff\L4\SEM 2\(CNS) Computer and Network System\Chimera 2016-I\Emulator\Emulator\Emulator.cpp(3726,32): warning C4996: 'inet_addr': Use inet_pton() or InetPton() instead or define _WINSOCK_DEPRECATED_NO_WARNINGS to disable deprecated API warnings
  Emulator.vcxproj -> D:\College_stuff\L4\SEM 2\(CNS) Computer and Network System\Chimera 2016-I\Emulator\Debug\Emulator.exe
